C:\Users\reid.muchow\Desktop\PracticeProjects\AngularChatApp\ChatAppAPI\Client\dist\out-tsc\app\portal\messages\models\message.model.js
C:\Users\reid.muchow\Desktop\PracticeProjects\AngularChatApp\ChatAppAPI\Client\dist\out-tsc\app\portal\messages\models\message.model.js.map
C:\Users\reid.muchow\Desktop\PracticeProjects\AngularChatApp\ChatAppAPI\Client\dist\out-tsc\app\portal\messages\message.service.js
C:\Users\reid.muchow\Desktop\PracticeProjects\AngularChatApp\ChatAppAPI\Client\dist\out-tsc\app\portal\messages\message.service.js.map
C:\Users\reid.muchow\Desktop\PracticeProjects\AngularChatApp\ChatAppAPI\Client\dist\out-tsc\app\app.component.js
C:\Users\reid.muchow\Desktop\PracticeProjects\AngularChatApp\ChatAppAPI\Client\dist\out-tsc\app\app.component.js.map
C:\Users\reid.muchow\Desktop\PracticeProjects\AngularChatApp\ChatAppAPI\Client\dist\out-tsc\app\portal\portal.component.js
C:\Users\reid.muchow\Desktop\PracticeProjects\AngularChatApp\ChatAppAPI\Client\dist\out-tsc\app\portal\portal.component.js.map
C:\Users\reid.muchow\Desktop\PracticeProjects\AngularChatApp\ChatAppAPI\Client\dist\out-tsc\app\portal\auth\auth.component.js
C:\Users\reid.muchow\Desktop\PracticeProjects\AngularChatApp\ChatAppAPI\Client\dist\out-tsc\app\portal\auth\auth.component.js.map
C:\Users\reid.muchow\Desktop\PracticeProjects\AngularChatApp\ChatAppAPI\Client\dist\out-tsc\app\portal\users\users.component.js
C:\Users\reid.muchow\Desktop\PracticeProjects\AngularChatApp\ChatAppAPI\Client\dist\out-tsc\app\portal\users\users.component.js.map
C:\Users\reid.muchow\Desktop\PracticeProjects\AngularChatApp\ChatAppAPI\Client\dist\out-tsc\app\portal\messages\messages.component.js
C:\Users\reid.muchow\Desktop\PracticeProjects\AngularChatApp\ChatAppAPI\Client\dist\out-tsc\app\portal\messages\messages.component.js.map
C:\Users\reid.muchow\Desktop\PracticeProjects\AngularChatApp\ChatAppAPI\Client\dist\out-tsc\app\portal\messages\message-box\message-box.component.js
C:\Users\reid.muchow\Desktop\PracticeProjects\AngularChatApp\ChatAppAPI\Client\dist\out-tsc\app\portal\messages\message-box\message-box.component.js.map
C:\Users\reid.muchow\Desktop\PracticeProjects\AngularChatApp\ChatAppAPI\Client\dist\out-tsc\app\portal\messages\message-input\message-input.component.js
C:\Users\reid.muchow\Desktop\PracticeProjects\AngularChatApp\ChatAppAPI\Client\dist\out-tsc\app\portal\messages\message-input\message-input.component.js.map
C:\Users\reid.muchow\Desktop\PracticeProjects\AngularChatApp\ChatAppAPI\Client\dist\out-tsc\app\app.module.js
C:\Users\reid.muchow\Desktop\PracticeProjects\AngularChatApp\ChatAppAPI\Client\dist\out-tsc\app\app.module.js.map
C:\Users\reid.muchow\Desktop\PracticeProjects\AngularChatApp\ChatAppAPI\Client\dist\out-tsc\environments\environment.js
C:\Users\reid.muchow\Desktop\PracticeProjects\AngularChatApp\ChatAppAPI\Client\dist\out-tsc\environments\environment.js.map
C:\Users\reid.muchow\Desktop\PracticeProjects\AngularChatApp\ChatAppAPI\Client\dist\out-tsc\main.js
C:\Users\reid.muchow\Desktop\PracticeProjects\AngularChatApp\ChatAppAPI\Client\dist\out-tsc\main.js.map
C:\Users\reid.muchow\Desktop\PracticeProjects\AngularChatApp\ChatAppAPI\Client\dist\out-tsc\polyfills.js
C:\Users\reid.muchow\Desktop\PracticeProjects\AngularChatApp\ChatAppAPI\Client\dist\out-tsc\polyfills.js.map
C:\Users\reid.muchow\Desktop\PracticeProjects\AngularChatApp\ChatAppAPI\Client\dist\out-tsc\test.js
C:\Users\reid.muchow\Desktop\PracticeProjects\AngularChatApp\ChatAppAPI\Client\dist\out-tsc\test.js.map
C:\Users\reid.muchow\Desktop\PracticeProjects\AngularChatApp\ChatAppAPI\Client\dist\out-tsc\app\app.component.spec.js
C:\Users\reid.muchow\Desktop\PracticeProjects\AngularChatApp\ChatAppAPI\Client\dist\out-tsc\app\app.component.spec.js.map
C:\Users\reid.muchow\Desktop\PracticeProjects\AngularChatApp\ChatAppAPI\Client\dist\out-tsc\app\portal\messages\message-input\message-input.component.spec.js
C:\Users\reid.muchow\Desktop\PracticeProjects\AngularChatApp\ChatAppAPI\Client\dist\out-tsc\app\portal\messages\message-input\message-input.component.spec.js.map
C:\Users\reid.muchow\Desktop\PracticeProjects\AngularChatApp\ChatAppAPI\Client\dist\out-tsc\environments\environment.prod.js
C:\Users\reid.muchow\Desktop\PracticeProjects\AngularChatApp\ChatAppAPI\Client\dist\out-tsc\environments\environment.prod.js.map
